This is pdfTeX, Version 3.14159265-2.6-1.40.16 (TeX Live 2015/Arch Linux) (preloaded format=latex 2015.11.28)  7 JUN 2016 20:48
entering extended mode
 restricted \write18 enabled.
 %&-line parsing enabled.
**mscBA.dbj
(./mscBA.dbj
LaTeX2e <2015/10/01> patch level 2
Babel <3.9m> and hyphenation patterns for 79 languages loaded.
(/usr/share/texmf-dist/tex/latex/base/docstrip.tex
\blockLevel=\count79
\emptyLines=\count80
\processedLines=\count81
\commentsRemoved=\count82
\commentsPassed=\count83
\codeLinesPassed=\count84
\TotalprocessedLines=\count85
\TotalcommentsRemoved=\count86
\TotalcommentsPassed=\count87
\TotalcodeLinesPassed=\count88
\NumberOfFiles=\count89
\inFile=\read1
\inputcheck=\read2
\off@0=\count90
\off@1=\count91
\off@2=\count92
\off@3=\count93
\off@4=\count94
\off@5=\count95
\off@6=\count96
\off@7=\count97
\off@8=\count98
\off@9=\count99
\off@10=\count100
\off@11=\count101
\off@12=\count102
\off@13=\count103
\off@14=\count104
\off@15=\count105
\@maxfiles=\count106
\@maxoutfiles=\count107

Utility: `docstrip' 2.5e <2014/09/29>
English documentation    <2014/09/29>

**********************************************************
* This program converts documented macro-files into fast *
* loadable files by stripping off (nearly) all comments! *
**********************************************************

********************************************************
* No Configuration file found, using default settings. *
********************************************************

)

Generating file(s) ./mscBA.bst 
\openout0 = `./mscBA.bst'.


Processing file merlin.mbs (ay,cay,annote,pres,pres-sc,nm-rev1,jnrlst,nmdash,nm
d-2,keyxyr,note-yr,trnum-it,vol-bf,volp-sp,num-xser,isbn,issn,doi,edpar,in-col,
xedn,and-xcom,etal-it,url,url-nl,nfss,) -> mscBA.bst
Lines  processed: 9446
Comments removed: 3867
Comments  passed: 1
Codelines passed: 3732

 ) 
Here is how much of TeX's memory you used:
 631 strings out of 493055
 5423 string characters out of 6140611
 65422 words of memory out of 5000000
 4247 multiletter control sequences out of 15000+600000
 3640 words of font info for 14 fonts, out of 8000000 for 9000
 1141 hyphenation exceptions out of 8191
 13i,0n,15p,311b,439s stack positions out of 5000i,500n,10000p,200000b,80000s

No pages of output.
